<?xml version="1.0" encoding="UTF-8"?>
<!-- Generated by org.testng.reporters.JUnitXMLReporter -->
<testsuite ignored="0" hostname="DESKTOP-VKHTBEH" failures="0" tests="3" name="Surefire test" time="0.086" errors="0" timestamp="2026-01-02T15:23:46 IST">
  <testcase classname="GithubPractices.GithubpracticesTest" name="githubpracticesTest" time="0.007"/>
  <testcase classname="JenkinsTest.JenkinspracticeTest" name="jenkinspracticeTest" time="0.002"/>
  <testcase classname="MavenTest.MavenpracticeTest" name="mavenpracticeTest" time="0.001"/>
</testsuite> <!-- Surefire test -->
