<?xml version="1.0" encoding="UTF-8"?>
<!-- Generated by org.testng.reporters.JUnitXMLReporter -->
<testsuite ignored="0" hostname="DESKTOP-VKHTBEH" failures="0" tests="3" name="Test" time="0.136" errors="0" timestamp="2025-12-31T18:14:12 IST">
  <testcase classname="JenkinsTest.JenkinspracticeTest" name="jenkinspracticeTest" time="0.011"/>
  <testcase classname="GithubPractices.GithubpracticesTest" name="githubpracticesTest" time="0.0"/>
  <testcase classname="MavenTest.MavenpracticeTest" name="mavenpracticeTest" time="0.004"/>
</testsuite> <!-- Test -->
