<?xml version="1.0" encoding="UTF-8"?>
<testng-results ignored="0" total="3" passed="3" failed="0" skipped="0">
  <reporter-output>
  </reporter-output>
  <suite started-at="2026-01-02T15:23:46 IST" name="Surefire suite" finished-at="2026-01-02T15:23:46 IST" duration-ms="86">
    <groups>
    </groups>
    <test started-at="2026-01-02T15:23:46 IST" name="Surefire test" finished-at="2026-01-02T15:23:46 IST" duration-ms="86">
      <class name="JenkinsTest.JenkinspracticeTest">
        <test-method signature="jenkinspracticeTest()[pri:0, instance:JenkinsTest.JenkinspracticeTest@1ed1993a]" started-at="2026-01-02T15:23:46 IST" name="jenkinspracticeTest" finished-at="2026-01-02T15:23:46 IST" duration-ms="2" status="PASS">
          <reporter-output>
          </reporter-output>
        </test-method> <!-- jenkinspracticeTest -->
      </class> <!-- JenkinsTest.JenkinspracticeTest -->
      <class name="GithubPractices.GithubpracticesTest">
        <test-method signature="githubpracticesTest()[pri:0, instance:GithubPractices.GithubpracticesTest@778d1062]" started-at="2026-01-02T15:23:46 IST" name="githubpracticesTest" finished-at="2026-01-02T15:23:46 IST" duration-ms="7" status="PASS">
          <reporter-output>
          </reporter-output>
        </test-method> <!-- githubpracticesTest -->
      </class> <!-- GithubPractices.GithubpracticesTest -->
      <class name="MavenTest.MavenpracticeTest">
        <test-method signature="mavenpracticeTest()[pri:0, instance:MavenTest.MavenpracticeTest@1f3f4916]" started-at="2026-01-02T15:23:46 IST" name="mavenpracticeTest" finished-at="2026-01-02T15:23:46 IST" duration-ms="1" status="PASS">
          <reporter-output>
          </reporter-output>
        </test-method> <!-- mavenpracticeTest -->
      </class> <!-- MavenTest.MavenpracticeTest -->
    </test> <!-- Surefire test -->
  </suite> <!-- Surefire suite -->
</testng-results>
