<?xml version="1.0" encoding="UTF-8"?>
<testng-results ignored="0" total="1" passed="1" failed="0" skipped="0">
  <reporter-output>
  </reporter-output>
  <suite started-at="2026-01-02T15:16:58 IST" name="Default suite" finished-at="2026-01-02T15:16:59 IST" duration-ms="82">
    <groups>
    </groups>
    <test started-at="2026-01-02T15:16:58 IST" name="Default test" finished-at="2026-01-02T15:16:59 IST" duration-ms="82">
      <class name="GithubPractices.GithubpracticesTest">
        <test-method signature="githubpracticesTest()[pri:0, instance:GithubPractices.GithubpracticesTest@71d44a3]" started-at="2026-01-02T15:16:58 IST" name="githubpracticesTest" finished-at="2026-01-02T15:16:58 IST" duration-ms="17" status="PASS">
          <reporter-output>
          </reporter-output>
        </test-method> <!-- githubpracticesTest -->
      </class> <!-- GithubPractices.GithubpracticesTest -->
    </test> <!-- Default test -->
  </suite> <!-- Default suite -->
</testng-results>
